Determining size of off64_t failed with the following output:
Change Dir: D:/david/codi/NGenius/assimp-4.1.0/CMakeFiles/CMakeTmp

Run Build Command:"C:/Program Files (x86)/Microsoft Visual Studio/2017/Community/MSBuild/15.0/Bin/MSBuild.exe" "cmTC_44731.vcxproj" "/p:Configuration=Debug" "/p:Platform=Win32" "/p:VisualStudioVersion=15.0"
Microsoft (R) Build Engine versión 15.5.180.51428 para .NET Framework
Copyright (C) Microsoft Corporation. Todos los derechos reservados.

Compilación iniciada a las 25/10/2018 16:36:01.
Proyecto "D:\david\codi\NGenius\assimp-4.1.0\CMakeFiles\CMakeTmp\cmTC_44731.vcxproj" en nodo 1 (destinos predeterminados).
PrepareForBuild:
  Creando directorio "cmTC_44731.dir\Debug\".
  Creando directorio "D:\david\codi\NGenius\assimp-4.1.0\CMakeFiles\CMakeTmp\Debug\".
  Creando directorio "cmTC_44731.dir\Debug\cmTC_44731.tlog\".
InitializeBuildStatus:
  Se creará "cmTC_44731.dir\Debug\cmTC_44731.tlog\unsuccessfulbuild" porque se especificó "AlwaysCreate".
ClCompile:
  C:\Program Files (x86)\Microsoft Visual Studio\2017\Community\VC\Tools\MSVC\14.12.25827\bin\HostX86\x86\CL.exe /c /Zi /W3 /WX- /diagnostics:classic /Od /Ob0 /Oy- /D WIN32 /D _WINDOWS /D _LARGEFILE64_SOURCE=1 /D HAVE_SYS_TYPES_H /D HAVE_STDINT_H /D HAVE_STDDEF_H /D "CMAKE_INTDIR=\"Debug\"" /D _MBCS /Gm- /RTC1 /MDd /GS /fp:precise /Zc:wchar_t /Zc:forScope /Zc:inline /Fo"cmTC_44731.dir\Debug\\" /Fd"cmTC_44731.dir\Debug\vc141.pdb" /Gd /TC /analyze- /errorReport:queue "D:\david\codi\NGenius\assimp-4.1.0\CMakeFiles\CheckTypeSize\OFF64_T.c"
  Compilador de optimización de C/C++ de Microsoft (R) versión 19.12.25831 para x86
  (C) Microsoft Corporation. Todos los derechos reservados.
  
  cl /c /Zi /W3 /WX- /diagnostics:classic /Od /Ob0 /Oy- /D WIN32 /D _WINDOWS /D _LARGEFILE64_SOURCE=1 /D HAVE_SYS_TYPES_H /D HAVE_STDINT_H /D HAVE_STDDEF_H /D "CMAKE_INTDIR=\"Debug\"" /D _MBCS /Gm- /RTC1 /MDd /GS /fp:precise /Zc:wchar_t /Zc:forScope /Zc:inline /Fo"cmTC_44731.dir\Debug\\" /Fd"cmTC_44731.dir\Debug\vc141.pdb" /Gd /TC /analyze- /errorReport:queue "D:\david\codi\NGenius\assimp-4.1.0\CMakeFiles\CheckTypeSize\OFF64_T.c"
  OFF64_T.c
  
D:\david\codi\NGenius\assimp-4.1.0\CMakeFiles\CheckTypeSize\OFF64_T.c(25): error C2065: 'off64_t': identificador no declarado [D:\david\codi\NGenius\assimp-4.1.0\CMakeFiles\CMakeTmp\cmTC_44731.vcxproj]
D:\david\codi\NGenius\assimp-4.1.0\CMakeFiles\CheckTypeSize\OFF64_T.c(26): error C2065: 'off64_t': identificador no declarado [D:\david\codi\NGenius\assimp-4.1.0\CMakeFiles\CMakeTmp\cmTC_44731.vcxproj]
D:\david\codi\NGenius\assimp-4.1.0\CMakeFiles\CheckTypeSize\OFF64_T.c(27): error C2065: 'off64_t': identificador no declarado [D:\david\codi\NGenius\assimp-4.1.0\CMakeFiles\CMakeTmp\cmTC_44731.vcxproj]
D:\david\codi\NGenius\assimp-4.1.0\CMakeFiles\CheckTypeSize\OFF64_T.c(28): error C2065: 'off64_t': identificador no declarado [D:\david\codi\NGenius\assimp-4.1.0\CMakeFiles\CMakeTmp\cmTC_44731.vcxproj]
D:\david\codi\NGenius\assimp-4.1.0\CMakeFiles\CheckTypeSize\OFF64_T.c(29): error C2065: 'off64_t': identificador no declarado [D:\david\codi\NGenius\assimp-4.1.0\CMakeFiles\CMakeTmp\cmTC_44731.vcxproj]
Compilación del proyecto terminada "D:\david\codi\NGenius\assimp-4.1.0\CMakeFiles\CMakeTmp\cmTC_44731.vcxproj" (destinos predeterminados) -- ERROR.

ERROR al compilar.

"D:\david\codi\NGenius\assimp-4.1.0\CMakeFiles\CMakeTmp\cmTC_44731.vcxproj" (destino predeterminado) (1) ->
(ClCompile destino) -> 
  D:\david\codi\NGenius\assimp-4.1.0\CMakeFiles\CheckTypeSize\OFF64_T.c(25): error C2065: 'off64_t': identificador no declarado [D:\david\codi\NGenius\assimp-4.1.0\CMakeFiles\CMakeTmp\cmTC_44731.vcxproj]
  D:\david\codi\NGenius\assimp-4.1.0\CMakeFiles\CheckTypeSize\OFF64_T.c(26): error C2065: 'off64_t': identificador no declarado [D:\david\codi\NGenius\assimp-4.1.0\CMakeFiles\CMakeTmp\cmTC_44731.vcxproj]
  D:\david\codi\NGenius\assimp-4.1.0\CMakeFiles\CheckTypeSize\OFF64_T.c(27): error C2065: 'off64_t': identificador no declarado [D:\david\codi\NGenius\assimp-4.1.0\CMakeFiles\CMakeTmp\cmTC_44731.vcxproj]
  D:\david\codi\NGenius\assimp-4.1.0\CMakeFiles\CheckTypeSize\OFF64_T.c(28): error C2065: 'off64_t': identificador no declarado [D:\david\codi\NGenius\assimp-4.1.0\CMakeFiles\CMakeTmp\cmTC_44731.vcxproj]
  D:\david\codi\NGenius\assimp-4.1.0\CMakeFiles\CheckTypeSize\OFF64_T.c(29): error C2065: 'off64_t': identificador no declarado [D:\david\codi\NGenius\assimp-4.1.0\CMakeFiles\CMakeTmp\cmTC_44731.vcxproj]

    0 Advertencia(s)
    5 Errores

Tiempo transcurrido 00:00:00.58

D:/david/codi/NGenius/assimp-4.1.0/CMakeFiles/CheckTypeSize/OFF64_T.c:
#include <sys/types.h>
#include <stdint.h>
#include <stddef.h>


#undef KEY
#if defined(__i386)
# define KEY '_','_','i','3','8','6'
#elif defined(__x86_64)
# define KEY '_','_','x','8','6','_','6','4'
#elif defined(__ppc__)
# define KEY '_','_','p','p','c','_','_'
#elif defined(__ppc64__)
# define KEY '_','_','p','p','c','6','4','_','_'
#elif defined(__aarch64__)
# define KEY '_','_','a','a','r','c','h','6','4','_','_'
#elif defined(__ARM_ARCH_7A__)
# define KEY '_','_','A','R','M','_','A','R','C','H','_','7','A','_','_'
#elif defined(__ARM_ARCH_7S__)
# define KEY '_','_','A','R','M','_','A','R','C','H','_','7','S','_','_'
#endif

#define SIZE (sizeof(off64_t))
char info_size[] =  {'I', 'N', 'F', 'O', ':', 's','i','z','e','[',
  ('0' + ((SIZE / 10000)%10)),
  ('0' + ((SIZE / 1000)%10)),
  ('0' + ((SIZE / 100)%10)),
  ('0' + ((SIZE / 10)%10)),
  ('0' +  (SIZE    % 10)),
  ']',
#ifdef KEY
  ' ','k','e','y','[', KEY, ']',
#endif
  '\0'};

#ifdef __CLASSIC_C__
int main(argc, argv) int argc; char *argv[];
#else
int main(int argc, char *argv[])
#endif
{
  int require = 0;
  require += info_size[argc];
  (void)argv;
  return require;
}


Determining if the function fseeko exists failed with the following output:
Change Dir: D:/david/codi/NGenius/assimp-4.1.0/CMakeFiles/CMakeTmp

Run Build Command:"C:/Program Files (x86)/Microsoft Visual Studio/2017/Community/MSBuild/15.0/Bin/MSBuild.exe" "cmTC_8d7d1.vcxproj" "/p:Configuration=Debug" "/p:Platform=Win32" "/p:VisualStudioVersion=15.0"
Microsoft (R) Build Engine versión 15.5.180.51428 para .NET Framework
Copyright (C) Microsoft Corporation. Todos los derechos reservados.

Compilación iniciada a las 25/10/2018 16:36:01.
Proyecto "D:\david\codi\NGenius\assimp-4.1.0\CMakeFiles\CMakeTmp\cmTC_8d7d1.vcxproj" en nodo 1 (destinos predeterminados).
PrepareForBuild:
  Creando directorio "cmTC_8d7d1.dir\Debug\".
  Creando directorio "D:\david\codi\NGenius\assimp-4.1.0\CMakeFiles\CMakeTmp\Debug\".
  Creando directorio "cmTC_8d7d1.dir\Debug\cmTC_8d7d1.tlog\".
InitializeBuildStatus:
  Se creará "cmTC_8d7d1.dir\Debug\cmTC_8d7d1.tlog\unsuccessfulbuild" porque se especificó "AlwaysCreate".
ClCompile:
  C:\Program Files (x86)\Microsoft Visual Studio\2017\Community\VC\Tools\MSVC\14.12.25827\bin\HostX86\x86\CL.exe /c /Zi /W3 /WX- /diagnostics:classic /Od /Ob0 /Oy- /D WIN32 /D _WINDOWS /D CHECK_FUNCTION_EXISTS=fseeko /D "CMAKE_INTDIR=\"Debug\"" /D _MBCS /Gm- /RTC1 /MDd /GS /fp:precise /Zc:wchar_t /Zc:forScope /Zc:inline /Fo"cmTC_8d7d1.dir\Debug\\" /Fd"cmTC_8d7d1.dir\Debug\vc141.pdb" /Gd /TC /analyze- /errorReport:queue "D:\programas\CMake\share\cmake-3.13\Modules\CheckFunctionExists.c"
  Compilador de optimización de C/C++ de Microsoft (R) versión 19.12.25831 para x86
  (C) Microsoft Corporation. Todos los derechos reservados.
  
  cl /c /Zi /W3 /WX- /diagnostics:classic /Od /Ob0 /Oy- /D WIN32 /D _WINDOWS /D CHECK_FUNCTION_EXISTS=fseeko /D "CMAKE_INTDIR=\"Debug\"" /D _MBCS /Gm- /RTC1 /MDd /GS /fp:precise /Zc:wchar_t /Zc:forScope /Zc:inline /Fo"cmTC_8d7d1.dir\Debug\\" /Fd"cmTC_8d7d1.dir\Debug\vc141.pdb" /Gd /TC /analyze- /errorReport:queue "D:\programas\CMake\share\cmake-3.13\Modules\CheckFunctionExists.c"
  CheckFunctionExists.c
  
Link:
  C:\Program Files (x86)\Microsoft Visual Studio\2017\Community\VC\Tools\MSVC\14.12.25827\bin\HostX86\x86\link.exe /ERRORREPORT:QUEUE /OUT:"D:\david\codi\NGenius\assimp-4.1.0\CMakeFiles\CMakeTmp\Debug\cmTC_8d7d1.exe" /INCREMENTAL /NOLOGO kernel32.lib user32.lib gdi32.lib winspool.lib shell32.lib ole32.lib oleaut32.lib uuid.lib comdlg32.lib advapi32.lib /MANIFEST /MANIFESTUAC:"level='asInvoker' uiAccess='false'" /manifest:embed /DEBUG /PDB:"D:/david/codi/NGenius/assimp-4.1.0/CMakeFiles/CMakeTmp/Debug/cmTC_8d7d1.pdb" /SUBSYSTEM:CONSOLE /TLBID:1 /DYNAMICBASE /NXCOMPAT /IMPLIB:"D:/david/codi/NGenius/assimp-4.1.0/CMakeFiles/CMakeTmp/Debug/cmTC_8d7d1.lib" /MACHINE:X86 /SAFESEH  /machine:X86 cmTC_8d7d1.dir\Debug\CheckFunctionExists.obj
CheckFunctionExists.obj : error LNK2019: sÝmbolo externo _fseeko sin resolver al que se hace referencia en la funci¾n _main [D:\david\codi\NGenius\assimp-4.1.0\CMakeFiles\CMakeTmp\cmTC_8d7d1.vcxproj]
D:\david\codi\NGenius\assimp-4.1.0\CMakeFiles\CMakeTmp\Debug\cmTC_8d7d1.exe : fatal error LNK1120: 1 externos sin resolver [D:\david\codi\NGenius\assimp-4.1.0\CMakeFiles\CMakeTmp\cmTC_8d7d1.vcxproj]
Compilación del proyecto terminada "D:\david\codi\NGenius\assimp-4.1.0\CMakeFiles\CMakeTmp\cmTC_8d7d1.vcxproj" (destinos predeterminados) -- ERROR.

ERROR al compilar.

"D:\david\codi\NGenius\assimp-4.1.0\CMakeFiles\CMakeTmp\cmTC_8d7d1.vcxproj" (destino predeterminado) (1) ->
(Link destino) -> 
  CheckFunctionExists.obj : error LNK2019: sÝmbolo externo _fseeko sin resolver al que se hace referencia en la funci¾n _main [D:\david\codi\NGenius\assimp-4.1.0\CMakeFiles\CMakeTmp\cmTC_8d7d1.vcxproj]
  D:\david\codi\NGenius\assimp-4.1.0\CMakeFiles\CMakeTmp\Debug\cmTC_8d7d1.exe : fatal error LNK1120: 1 externos sin resolver [D:\david\codi\NGenius\assimp-4.1.0\CMakeFiles\CMakeTmp\cmTC_8d7d1.vcxproj]

    0 Advertencia(s)
    2 Errores

Tiempo transcurrido 00:00:00.84


Determining if the include file unistd.h exists failed with the following output:
Change Dir: D:/david/codi/NGenius/assimp-4.1.0/CMakeFiles/CMakeTmp

Run Build Command:"C:/Program Files (x86)/Microsoft Visual Studio/2017/Community/MSBuild/15.0/Bin/MSBuild.exe" "cmTC_cd4fe.vcxproj" "/p:Configuration=Debug" "/p:Platform=Win32" "/p:VisualStudioVersion=15.0"
Microsoft (R) Build Engine versión 15.5.180.51428 para .NET Framework
Copyright (C) Microsoft Corporation. Todos los derechos reservados.

Compilación iniciada a las 25/10/2018 16:36:03.
Proyecto "D:\david\codi\NGenius\assimp-4.1.0\CMakeFiles\CMakeTmp\cmTC_cd4fe.vcxproj" en nodo 1 (destinos predeterminados).
PrepareForBuild:
  Creando directorio "cmTC_cd4fe.dir\Debug\".
  Creando directorio "D:\david\codi\NGenius\assimp-4.1.0\CMakeFiles\CMakeTmp\Debug\".
  Creando directorio "cmTC_cd4fe.dir\Debug\cmTC_cd4fe.tlog\".
InitializeBuildStatus:
  Se creará "cmTC_cd4fe.dir\Debug\cmTC_cd4fe.tlog\unsuccessfulbuild" porque se especificó "AlwaysCreate".
ClCompile:
  C:\Program Files (x86)\Microsoft Visual Studio\2017\Community\VC\Tools\MSVC\14.12.25827\bin\HostX86\x86\CL.exe /c /Zi /W3 /WX- /diagnostics:classic /Od /Ob0 /Oy- /D WIN32 /D _WINDOWS /D "CMAKE_INTDIR=\"Debug\"" /D _MBCS /Gm- /RTC1 /MDd /GS /fp:precise /Zc:wchar_t /Zc:forScope /Zc:inline /Fo"cmTC_cd4fe.dir\Debug\\" /Fd"cmTC_cd4fe.dir\Debug\vc141.pdb" /Gd /TC /analyze- /errorReport:queue "D:\david\codi\NGenius\assimp-4.1.0\CMakeFiles\CMakeTmp\CheckIncludeFile.c"
  Compilador de optimización de C/C++ de Microsoft (R) versión 19.12.25831 para x86
  (C) Microsoft Corporation. Todos los derechos reservados.
  
  cl /c /Zi /W3 /WX- /diagnostics:classic /Od /Ob0 /Oy- /D WIN32 /D _WINDOWS /D "CMAKE_INTDIR=\"Debug\"" /D _MBCS /Gm- /RTC1 /MDd /GS /fp:precise /Zc:wchar_t /Zc:forScope /Zc:inline /Fo"cmTC_cd4fe.dir\Debug\\" /Fd"cmTC_cd4fe.dir\Debug\vc141.pdb" /Gd /TC /analyze- /errorReport:queue "D:\david\codi\NGenius\assimp-4.1.0\CMakeFiles\CMakeTmp\CheckIncludeFile.c"
  CheckIncludeFile.c
  
D:\david\codi\NGenius\assimp-4.1.0\CMakeFiles\CMakeTmp\CheckIncludeFile.c(1): fatal error C1083: No se puede abrir el archivo incluir: 'unistd.h': No such file or directory [D:\david\codi\NGenius\assimp-4.1.0\CMakeFiles\CMakeTmp\cmTC_cd4fe.vcxproj]
Compilación del proyecto terminada "D:\david\codi\NGenius\assimp-4.1.0\CMakeFiles\CMakeTmp\cmTC_cd4fe.vcxproj" (destinos predeterminados) -- ERROR.

ERROR al compilar.

"D:\david\codi\NGenius\assimp-4.1.0\CMakeFiles\CMakeTmp\cmTC_cd4fe.vcxproj" (destino predeterminado) (1) ->
(ClCompile destino) -> 
  D:\david\codi\NGenius\assimp-4.1.0\CMakeFiles\CMakeTmp\CheckIncludeFile.c(1): fatal error C1083: No se puede abrir el archivo incluir: 'unistd.h': No such file or directory [D:\david\codi\NGenius\assimp-4.1.0\CMakeFiles\CMakeTmp\cmTC_cd4fe.vcxproj]

    0 Advertencia(s)
    1 Errores

Tiempo transcurrido 00:00:00.60


